<?xml version="1.0" encoding="UTF-8"?>
<!-- Generated by org.testng.reporters.JUnitXMLReporter -->
<testsuite hostname="INBLRFT00026" name="Default test" tests="4" failures="0" timestamp="6 Sep 2019 09:14:46 GMT" time="41.353" errors="0">
  <testcase name="login" time="15.447" classname="com.sm_crud.db"/>
  <testcase name="Configuration" time="12.831" classname="com.sm_crud.db"/>
  <testcase name="createuser" time="5.218" classname="com.sm_crud.db"/>
  <testcase name="viewuser" time="3.739" classname="com.sm_crud.db"/>
</testsuite> <!-- Default test -->
