<?xml version="1.0" encoding="UTF-8"?>
<testng-results skipped="0" failed="0" total="1" passed="1">
  <reporter-output>
  </reporter-output>
  <suite name="Default suite" duration-ms="19819" started-at="2019-11-07T05:50:12Z" finished-at="2019-11-07T05:50:32Z">
    <groups>
    </groups>
    <test name="Default test" duration-ms="19819" started-at="2019-11-07T05:50:12Z" finished-at="2019-11-07T05:50:32Z">
      <class name="com.IBA.Login">
        <test-method status="PASS" signature="setpage()[pri:0, instance:com.IBA.Login@457e2f02]" name="setpage" duration-ms="19800" started-at="2019-11-07T11:20:12Z" finished-at="2019-11-07T11:20:32Z">
          <reporter-output>
          </reporter-output>
        </test-method> <!-- setpage -->
      </class> <!-- com.IBA.Login -->
    </test> <!-- Default test -->
  </suite> <!-- Default suite -->
</testng-results>
