<?xml version="1.0" encoding="UTF-8"?>
<testng-results skipped="0" failed="0" ignored="0" total="1" passed="1">
  <reporter-output>
  </reporter-output>
  <suite name="Default suite" duration-ms="15794" started-at="2019-07-22T13:08:11Z" finished-at="2019-07-22T13:08:27Z">
    <groups>
    </groups>
    <test name="Default test" duration-ms="15794" started-at="2019-07-22T13:08:11Z" finished-at="2019-07-22T13:08:27Z">
      <class name="s.s.Sel">
        <test-method status="PASS" signature="initiate()[pri:0, instance:s.s.Sel@2a2d45ba]" name="initiate" is-config="true" duration-ms="3307" started-at="2019-07-22T13:08:11Z" finished-at="2019-07-22T13:08:14Z">
          <reporter-output>
          </reporter-output>
        </test-method> <!-- initiate -->
        <test-method status="PASS" signature="runtest()[pri:0, instance:s.s.Sel@2a2d45ba]" name="runtest" duration-ms="12468" started-at="2019-07-22T13:08:14Z" finished-at="2019-07-22T13:08:27Z">
          <reporter-output>
          </reporter-output>
        </test-method> <!-- runtest -->
      </class> <!-- s.s.Sel -->
    </test> <!-- Default test -->
  </suite> <!-- Default suite -->
</testng-results>
